Copyright 1986-2019 Xilinx, Inc. All Rights Reserved.
-------------------------------------------------------------------------------------
| Tool Version : Vivado v.2019.2 (win64) Build 2700185 Thu Oct 24 18:46:05 MDT 2019
| Date         : Sun Feb 16 23:06:03 2020
| Host         : WIN-0JR3P7S3KIR running 64-bit major release  (build 9200)
| Command      : report_control_sets -verbose -file lab3_top_control_sets_placed.rpt
| Design       : lab3_top
| Device       : xc7a35t
-------------------------------------------------------------------------------------

Control Set Information

Table of Contents
-----------------
1. Summary
2. Histogram
3. Flip-Flop Distribution
4. Detailed Control Set Information

1. Summary
----------

+----------------------------------------------------------+-------+
|                          Status                          | Count |
+----------------------------------------------------------+-------+
| Total control sets                                       |     5 |
|    Minimum number of control sets                        |     5 |
|    Addition due to synthesis replication                 |     0 |
|    Addition due to physical synthesis replication        |     0 |
| Unused register locations in slices containing registers |    15 |
+----------------------------------------------------------+-------+
* Control sets can be merged at opt_design using control_set_merge or merge_equivalent_drivers
** Run report_qor_suggestions for automated merging and remapping suggestions


2. Histogram
------------

+--------------------+-------+
|       Fanout       | Count |
+--------------------+-------+
| Total control sets |     5 |
| >= 0 to < 4        |     1 |
| >= 4 to < 6        |     0 |
| >= 6 to < 8        |     1 |
| >= 8 to < 10       |     3 |
| >= 10 to < 12      |     0 |
| >= 12 to < 14      |     0 |
| >= 14 to < 16      |     0 |
| >= 16              |     0 |
+--------------------+-------+
* Control sets can be remapped at either synth_design or opt_design


3. Flip-Flop Distribution
-------------------------

+--------------+-----------------------+------------------------+-----------------+--------------+
| Clock Enable | Synchronous Set/Reset | Asynchronous Set/Reset | Total Registers | Total Slices |
+--------------+-----------------------+------------------------+-----------------+--------------+
| No           | No                    | No                     |               8 |            3 |
| No           | No                    | Yes                    |               9 |            2 |
| No           | Yes                   | No                     |              15 |            2 |
| Yes          | No                    | No                     |               1 |            1 |
| Yes          | No                    | Yes                    |               0 |            0 |
| Yes          | Yes                   | No                     |               0 |            0 |
+--------------+-----------------------+------------------------+-----------------+--------------+


4. Detailed Control Set Information
-----------------------------------

+-----------------------------+----------------------------+------------------+------------------+----------------+
|         Clock Signal        |        Enable Signal       | Set/Reset Signal | Slice Load Count | Bel Load Count |
+-----------------------------+----------------------------+------------------+------------------+----------------+
|  instance_name/inst/clk_10M | clk0/period_count_reg[5]_0 |                  |                1 |              1 |
|  instance_name/inst/clk_10M |                            | clk0/clear       |                1 |              7 |
|  instance_name/inst/clk_10M |                            |                  |                3 |              8 |
|  instance_name/inst/clk_10M |                            | clk0/sync_OBUF   |                1 |              8 |
|  clk0/sync_OBUF             |                            | reset_IBUF       |                2 |              9 |
+-----------------------------+----------------------------+------------------+------------------+----------------+


