Copyright 1986-2019 Xilinx, Inc. All Rights Reserved.
----------------------------------------------------------------------------------------
| Tool Version : Vivado v.2019.2 (win64) Build 2708876 Wed Nov  6 21:40:23 MST 2019
| Date         : Sun Feb 16 18:44:04 2020
| Host         : ALYSSAUNGERER running 64-bit major release  (build 9200)
| Command      : report_control_sets -verbose -file vga_display_control_sets_placed.rpt
| Design       : vga_display
| Device       : xc7a35t
----------------------------------------------------------------------------------------

Control Set Information

Table of Contents
-----------------
1. Summary
2. Histogram
3. Flip-Flop Distribution
4. Detailed Control Set Information

1. Summary
----------

+----------------------------------------------------------+-------+
|                          Status                          | Count |
+----------------------------------------------------------+-------+
| Total control sets                                       |    10 |
|    Minimum number of control sets                        |    10 |
|    Addition due to synthesis replication                 |     0 |
|    Addition due to physical synthesis replication        |     0 |
| Unused register locations in slices containing registers |    60 |
+----------------------------------------------------------+-------+
* Control sets can be merged at opt_design using control_set_merge or merge_equivalent_drivers
** Run report_qor_suggestions for automated merging and remapping suggestions


2. Histogram
------------

+--------------------+-------+
|       Fanout       | Count |
+--------------------+-------+
| Total control sets |    10 |
| >= 0 to < 4        |     5 |
| >= 4 to < 6        |     0 |
| >= 6 to < 8        |     0 |
| >= 8 to < 10       |     0 |
| >= 10 to < 12      |     4 |
| >= 12 to < 14      |     0 |
| >= 14 to < 16      |     0 |
| >= 16              |     1 |
+--------------------+-------+
* Control sets can be remapped at either synth_design or opt_design


3. Flip-Flop Distribution
-------------------------

+--------------+-----------------------+------------------------+-----------------+--------------+
| Clock Enable | Synchronous Set/Reset | Asynchronous Set/Reset | Total Registers | Total Slices |
+--------------+-----------------------+------------------------+-----------------+--------------+
| No           | No                    | No                     |              22 |            9 |
| No           | No                    | Yes                    |               0 |            0 |
| No           | Yes                   | No                     |              35 |           13 |
| Yes          | No                    | No                     |               0 |            0 |
| Yes          | No                    | Yes                    |               0 |            0 |
| Yes          | Yes                   | No                     |              11 |            4 |
+--------------+-----------------------+------------------------+-----------------+--------------+


4. Detailed Control Set Information
-----------------------------------

+------------------------+---------------+------------------------------+------------------+----------------+
|      Clock Signal      | Enable Signal |       Set/Reset Signal       | Slice Load Count | Bel Load Count |
+------------------------+---------------+------------------------------+------------------+----------------+
|  clk2/CLK              |               |                              |                1 |              1 |
|  clk2/CLK              |               | display/VS0                  |                1 |              1 |
|  clk2/CLK              |               | display/HS0                  |                1 |              1 |
|  clk_IBUF_BUFG         |               |                              |                1 |              1 |
|  vgaRed0               |               | display/blank                |                1 |              1 |
|  y_high__0             |               |                              |                3 |             10 |
|  x_high_reg[9]_i_2_n_0 |               |                              |                4 |             10 |
|  clk2/CLK              |               | display/hcounter[10]_i_1_n_0 |                4 |             11 |
|  clk2/CLK              | display/eqOp  | display/vcounter[10]_i_1_n_0 |                4 |             11 |
|  clk_IBUF_BUFG         |               | clk2/period_count[0]_i_1_n_0 |                6 |             21 |
+------------------------+---------------+------------------------------+------------------+----------------+


