#-----------------------------------------------------------
# Vivado v2019.2 (64-bit)
# SW Build 2700185 on Thu Oct 24 18:46:05 MDT 2019
# IP Build 2699827 on Thu Oct 24 21:16:38 MDT 2019
# Start of session at: Tue Feb 18 16:26:11 2020
# Process ID: 5704
# Current directory: C:/Users/Jeffrey Huang/Documents/WPI/2019-2020/C term/ECE3829/ece3829_lab3
# Command line: vivado.exe -gui_launcher_event rodinguilauncherevent2960 C:\Users\Jeffrey Huang\Documents\WPI\2019-2020\C term\ECE3829\ece3829_lab3\ece3829_lab3.xpr
# Log file: C:/Users/Jeffrey Huang/Documents/WPI/2019-2020/C term/ECE3829/ece3829_lab3/vivado.log
# Journal file: C:/Users/Jeffrey Huang/Documents/WPI/2019-2020/C term/ECE3829/ece3829_lab3\vivado.jou
#-----------------------------------------------------------
start_gui
open_project {C:/Users/Jeffrey Huang/Documents/WPI/2019-2020/C term/ECE3829/ece3829_lab3/ece3829_lab3.xpr}
Scanning sources...
Finished scanning sources
WARNING: [Project 1-509] GeneratedRun file for 'synth_1' not found
WARNING: [Project 1-509] GeneratedRun file for 'impl_1' not found
INFO: [IP_Flow 19-234] Refreshing IP repositories
INFO: [IP_Flow 19-1704] No user IP repositories specified
INFO: [IP_Flow 19-2313] Loaded Vivado IP repository 'C:/Xilinx/Vivado/2019.2/data/ip'.
open_project: Time (s): cpu = 00:00:20 ; elapsed = 00:00:09 . Memory (MB): peak = 881.531 ; gain = 180.078
update_compile_order -fileset sources_1
launch_runs impl_1 -to_step write_bitstream -jobs 4
[Tue Feb 18 16:27:01 2020] Launched synth_1...
Run output will be captured here: C:/Users/Jeffrey Huang/Documents/WPI/2019-2020/C term/ECE3829/ece3829_lab3/ece3829_lab3.runs/synth_1/runme.log
[Tue Feb 18 16:27:01 2020] Launched impl_1...
Run output will be captured here: C:/Users/Jeffrey Huang/Documents/WPI/2019-2020/C term/ECE3829/ece3829_lab3/ece3829_lab3.runs/impl_1/runme.log
set_property top lab3_top [current_fileset]
