#-----------------------------------------------------------
# Vivado v2019.2 (64-bit)
# SW Build 2700185 on Thu Oct 24 18:46:05 MDT 2019
# IP Build 2699827 on Thu Oct 24 21:16:38 MDT 2019
# Start of session at: Tue Feb 18 16:29:33 2020
# Process ID: 5532
# Current directory: C:/Users/Jeffrey Huang/Documents/WPI/2019-2020/C term/ECE3829/ece3829_lab3
# Command line: vivado.exe -gui_launcher_event rodinguilauncherevent14584 C:\Users\Jeffrey Huang\Documents\WPI\2019-2020\C term\ECE3829\ece3829_lab3\ece3829_lab3.xpr
# Log file: C:/Users/Jeffrey Huang/Documents/WPI/2019-2020/C term/ECE3829/ece3829_lab3/vivado.log
# Journal file: C:/Users/Jeffrey Huang/Documents/WPI/2019-2020/C term/ECE3829/ece3829_lab3\vivado.jou
#-----------------------------------------------------------
start_gui
open_project {C:/Users/Jeffrey Huang/Documents/WPI/2019-2020/C term/ECE3829/ece3829_lab3/ece3829_lab3.xpr}
Scanning sources...
Finished scanning sources
INFO: [IP_Flow 19-234] Refreshing IP repositories
INFO: [IP_Flow 19-1704] No user IP repositories specified
INFO: [IP_Flow 19-2313] Loaded Vivado IP repository 'C:/Xilinx/Vivado/2019.2/data/ip'.
open_project: Time (s): cpu = 00:00:21 ; elapsed = 00:00:10 . Memory (MB): peak = 858.691 ; gain = 179.602
set_property source_mgmt_mode None [current_project]
exit
INFO: [Common 17-206] Exiting Vivado at Tue Feb 18 16:30:57 2020...
