#-----------------------------------------------------------
# Vivado v2019.2 (64-bit)
# SW Build 2700185 on Thu Oct 24 18:46:05 MDT 2019
# IP Build 2699827 on Thu Oct 24 21:16:38 MDT 2019
# Start of session at: Wed Feb 19 20:54:17 2020
# Process ID: 18492
# Current directory: C:/Users/Jeffrey Huang/Documents/WPI/2019-2020/C term/ECE3829/ece3829_lab3
# Command line: vivado.exe -gui_launcher_event rodinguilauncherevent18176 C:\Users\Jeffrey Huang\Documents\WPI\2019-2020\C term\ECE3829\ece3829_lab3\ece3829_lab3.xpr
# Log file: C:/Users/Jeffrey Huang/Documents/WPI/2019-2020/C term/ECE3829/ece3829_lab3/vivado.log
# Journal file: C:/Users/Jeffrey Huang/Documents/WPI/2019-2020/C term/ECE3829/ece3829_lab3\vivado.jou
#-----------------------------------------------------------
start_gui
open_project {C:/Users/Jeffrey Huang/Documents/WPI/2019-2020/C term/ECE3829/ece3829_lab3/ece3829_lab3.xpr}
Scanning sources...
Finished scanning sources
INFO: [IP_Flow 19-234] Refreshing IP repositories
INFO: [IP_Flow 19-1704] No user IP repositories specified
INFO: [IP_Flow 19-2313] Loaded Vivado IP repository 'C:/Xilinx/Vivado/2019.2/data/ip'.
open_project: Time (s): cpu = 00:00:19 ; elapsed = 00:00:08 . Memory (MB): peak = 875.188 ; gain = 185.613
update_compile_order -fileset sources_1
reset_run synth_1
launch_runs impl_1 -to_step write_bitstream -jobs 4
[Wed Feb 19 20:59:47 2020] Launched synth_1...
Run output will be captured here: C:/Users/Jeffrey Huang/Documents/WPI/2019-2020/C term/ECE3829/ece3829_lab3/ece3829_lab3.runs/synth_1/runme.log
[Wed Feb 19 20:59:47 2020] Launched impl_1...
Run output will be captured here: C:/Users/Jeffrey Huang/Documents/WPI/2019-2020/C term/ECE3829/ece3829_lab3/ece3829_lab3.runs/impl_1/runme.log
open_hw_manager
connect_hw_server -allow_non_jtag
INFO: [Labtools 27-2285] Connecting to hw_server url TCP:localhost:3121
INFO: [Labtools 27-2222] Launching hw_server...
INFO: [Labtools 27-2221] Launch Output:

****** Xilinx hw_server v2019.2
  **** Build date : Oct 24 2019 at 19:17:01
    ** Copyright 1986-2019 Xilinx, Inc. All Rights Reserved.


INFO: [Labtools 27-3415] Connecting to cs_server url TCP:localhost:3042
INFO: [Labtools 27-3417] Launching cs_server...
INFO: [Labtools 27-2221] Launch Output:


****** Xilinx cs_server v2019.2.0
  **** Build date : Oct 24 2019-21:33:05
    ** Copyright 2017-2019 Xilinx, Inc. All Rights Reserved.



connect_hw_server: Time (s): cpu = 00:00:01 ; elapsed = 00:00:07 . Memory (MB): peak = 968.844 ; gain = 0.000
open_hw_target
INFO: [Labtoolstcl 44-466] Opening hw_target localhost:3121/xilinx_tcf/Digilent/210183A6F812A
open_hw_target: Time (s): cpu = 00:00:06 ; elapsed = 00:00:05 . Memory (MB): peak = 2192.000 ; gain = 1223.156
set_property PROGRAM.FILE {C:/Users/Jeffrey Huang/Documents/WPI/2019-2020/C term/ECE3829/ece3829_lab3/ece3829_lab3.runs/impl_1/lab3_top.bit} [get_hw_devices xc7a35t_0]
current_hw_device [get_hw_devices xc7a35t_0]
refresh_hw_device -update_hw_probes false [lindex [get_hw_devices xc7a35t_0] 0]
INFO: [Labtools 27-1434] Device xc7a35t (JTAG device index = 0) is programmed with a design that has no supported debug core(s) in it.
set_property PROBES.FILE {} [get_hw_devices xc7a35t_0]
set_property FULL_PROBES.FILE {} [get_hw_devices xc7a35t_0]
set_property PROGRAM.FILE {C:/Users/Jeffrey Huang/Documents/WPI/2019-2020/C term/ECE3829/ece3829_lab3/ece3829_lab3.runs/impl_1/lab3_top.bit} [get_hw_devices xc7a35t_0]
program_hw_devices [get_hw_devices xc7a35t_0]
INFO: [Labtools 27-3164] End of startup status: HIGH
refresh_hw_device [lindex [get_hw_devices xc7a35t_0] 0]
INFO: [Labtools 27-1434] Device xc7a35t (JTAG device index = 0) is programmed with a design that has no supported debug core(s) in it.
reset_run synth_1
launch_runs impl_1 -to_step write_bitstream -jobs 4
[Wed Feb 19 21:06:22 2020] Launched synth_1...
Run output will be captured here: C:/Users/Jeffrey Huang/Documents/WPI/2019-2020/C term/ECE3829/ece3829_lab3/ece3829_lab3.runs/synth_1/runme.log
[Wed Feb 19 21:06:22 2020] Launched impl_1...
Run output will be captured here: C:/Users/Jeffrey Huang/Documents/WPI/2019-2020/C term/ECE3829/ece3829_lab3/ece3829_lab3.runs/impl_1/runme.log
set_property PROBES.FILE {} [get_hw_devices xc7a35t_0]
set_property FULL_PROBES.FILE {} [get_hw_devices xc7a35t_0]
set_property PROGRAM.FILE {C:/Users/Jeffrey Huang/Documents/WPI/2019-2020/C term/ECE3829/ece3829_lab3/ece3829_lab3.runs/impl_1/lab3_top.bit} [get_hw_devices xc7a35t_0]
program_hw_devices [get_hw_devices xc7a35t_0]
INFO: [Labtools 27-3164] End of startup status: HIGH
refresh_hw_device [lindex [get_hw_devices xc7a35t_0] 0]
INFO: [Labtools 27-1434] Device xc7a35t (JTAG device index = 0) is programmed with a design that has no supported debug core(s) in it.
reset_run synth_1
launch_runs impl_1 -to_step write_bitstream -jobs 4
[Wed Feb 19 21:11:08 2020] Launched synth_1...
Run output will be captured here: C:/Users/Jeffrey Huang/Documents/WPI/2019-2020/C term/ECE3829/ece3829_lab3/ece3829_lab3.runs/synth_1/runme.log
[Wed Feb 19 21:11:08 2020] Launched impl_1...
Run output will be captured here: C:/Users/Jeffrey Huang/Documents/WPI/2019-2020/C term/ECE3829/ece3829_lab3/ece3829_lab3.runs/impl_1/runme.log
set_property PROBES.FILE {} [get_hw_devices xc7a35t_0]
set_property FULL_PROBES.FILE {} [get_hw_devices xc7a35t_0]
set_property PROGRAM.FILE {C:/Users/Jeffrey Huang/Documents/WPI/2019-2020/C term/ECE3829/ece3829_lab3/ece3829_lab3.runs/impl_1/lab3_top.bit} [get_hw_devices xc7a35t_0]
program_hw_devices [get_hw_devices xc7a35t_0]
INFO: [Labtools 27-3164] End of startup status: HIGH
refresh_hw_device [lindex [get_hw_devices xc7a35t_0] 0]
INFO: [Labtools 27-1434] Device xc7a35t (JTAG device index = 0) is programmed with a design that has no supported debug core(s) in it.
reset_run synth_1
launch_runs impl_1 -to_step write_bitstream -jobs 4
[Wed Feb 19 21:15:17 2020] Launched synth_1...
Run output will be captured here: C:/Users/Jeffrey Huang/Documents/WPI/2019-2020/C term/ECE3829/ece3829_lab3/ece3829_lab3.runs/synth_1/runme.log
[Wed Feb 19 21:15:17 2020] Launched impl_1...
Run output will be captured here: C:/Users/Jeffrey Huang/Documents/WPI/2019-2020/C term/ECE3829/ece3829_lab3/ece3829_lab3.runs/impl_1/runme.log
set_property PROBES.FILE {} [get_hw_devices xc7a35t_0]
set_property FULL_PROBES.FILE {} [get_hw_devices xc7a35t_0]
set_property PROGRAM.FILE {C:/Users/Jeffrey Huang/Documents/WPI/2019-2020/C term/ECE3829/ece3829_lab3/ece3829_lab3.runs/impl_1/lab3_top.bit} [get_hw_devices xc7a35t_0]
program_hw_devices [get_hw_devices xc7a35t_0]
INFO: [Labtools 27-3164] End of startup status: HIGH
refresh_hw_device [lindex [get_hw_devices xc7a35t_0] 0]
INFO: [Labtools 27-1434] Device xc7a35t (JTAG device index = 0) is programmed with a design that has no supported debug core(s) in it.
exit
INFO: [Common 17-206] Exiting Vivado at Wed Feb 19 21:19:53 2020...
